<?xml version="1.0" encoding="UTF-8"?>
<!-- Generated by org.testng.reporters.JUnitReportReporter -->
<testsuite hostname="DESKTOP-6D39DHT" failures="0" tests="1" name="testCases.TC001_RegistrationTest" time="27.271" errors="0" timestamp="2025-05-26T21:29:55 IST" skipped="0">
  <testcase classname="testCases.TC001_RegistrationTest" name="verify_registration" time="27.271"/>
</testsuite> <!-- testCases.TC001_RegistrationTest -->
